<?xml version="1.0" encoding="UTF-8"?>
<testsuite xmlns:xsi="http://www.w3.org/2001/XMLSchema-instance" xsi:noNamespaceSchemaLocation="https://maven.apache.org/surefire/maven-surefire-plugin/xsd/surefire-test-report-3.0.xsd" version="3.0" name="guwan21.splitterator.AsteroidSplitteratorServiceTest" time="0.989" tests="2" errors="0" skipped="0" failures="0">
  <properties>
[...]
</properties>
  <testcase name="ifHitFracture" classname="guwan21.splitterator.AsteroidSplitteratorServiceTest" time="0.963"/>
  <testcase name="ifUnscathedDont" classname="guwan21.splitterator.AsteroidSplitteratorServiceTest" time="0.004"/>
</testsuite>